2018-08-08 21:38:22.983  INFO 17770 --- [restartedMain] com.ziliang.blog.BlogApplication         : Starting BlogApplication on xiaoyaook-ubuntu with PID 17770 (/home/xiaoyaook/gitlearn/blog/target/classes started by xiaoyaook in /home/xiaoyaook/gitlearn/blog)
2018-08-08 21:38:23.008  INFO 17770 --- [restartedMain] com.ziliang.blog.BlogApplication         : No active profile set, falling back to default profiles: default
2018-08-08 21:38:23.337  INFO 17770 --- [restartedMain] ConfigServletWebServerApplicationContext : Refreshing org.springframework.boot.web.servlet.context.AnnotationConfigServletWebServerApplicationContext@5e0b6f5a: startup date [Wed Aug 08 21:38:23 CST 2018]; root of context hierarchy
2018-08-08 21:38:26.740  INFO 17770 --- [restartedMain] trationDelegate$BeanPostProcessorChecker : Bean 'org.springframework.transaction.annotation.ProxyTransactionManagementConfiguration' of type [org.springframework.transaction.annotation.ProxyTransactionManagementConfiguration$$EnhancerBySpringCGLIB$$344d416c] is not eligible for getting processed by all BeanPostProcessors (for example: not eligible for auto-proxying)
2018-08-08 21:38:27.511  INFO 17770 --- [restartedMain] o.s.b.w.embedded.tomcat.TomcatWebServer  : Tomcat initialized with port(s): 8080 (http)
2018-08-08 21:38:27.574  INFO 17770 --- [restartedMain] o.apache.catalina.core.StandardService   : Starting service [Tomcat]
2018-08-08 21:38:27.574  INFO 17770 --- [restartedMain] org.apache.catalina.core.StandardEngine  : Starting Servlet Engine: Apache Tomcat/8.5.31
2018-08-08 21:38:27.579  INFO 17770 --- [localhost-startStop-1] o.a.catalina.core.AprLifecycleListener   : The APR based Apache Tomcat Native library which allows optimal performance in production environments was not found on the java.library.path: [/usr/java/packages/lib/amd64:/usr/lib64:/lib64:/lib:/usr/lib]
2018-08-08 21:38:27.765  INFO 17770 --- [localhost-startStop-1] o.a.c.c.C.[Tomcat].[localhost].[/]       : Initializing Spring embedded WebApplicationContext
2018-08-08 21:38:27.766  INFO 17770 --- [localhost-startStop-1] o.s.web.context.ContextLoader            : Root WebApplicationContext: initialization completed in 4429 ms
2018-08-08 21:38:27.907  INFO 17770 --- [localhost-startStop-1] o.s.b.w.servlet.FilterRegistrationBean   : Mapping filter: 'characterEncodingFilter' to: [/*]
2018-08-08 21:38:27.908  INFO 17770 --- [localhost-startStop-1] o.s.b.w.servlet.FilterRegistrationBean   : Mapping filter: 'hiddenHttpMethodFilter' to: [/*]
2018-08-08 21:38:27.908  INFO 17770 --- [localhost-startStop-1] o.s.b.w.servlet.FilterRegistrationBean   : Mapping filter: 'httpPutFormContentFilter' to: [/*]
2018-08-08 21:38:27.908  INFO 17770 --- [localhost-startStop-1] o.s.b.w.servlet.FilterRegistrationBean   : Mapping filter: 'requestContextFilter' to: [/*]
2018-08-08 21:38:27.908  INFO 17770 --- [localhost-startStop-1] o.s.b.w.servlet.FilterRegistrationBean   : Mapping filter: 'corsFilter' to: [/*]
2018-08-08 21:38:27.908  INFO 17770 --- [localhost-startStop-1] o.s.b.w.servlet.FilterRegistrationBean   : Mapping filter: 'webStatFilter' to urls: [/*]
2018-08-08 21:38:27.908  INFO 17770 --- [localhost-startStop-1] o.s.b.w.servlet.ServletRegistrationBean  : Servlet dispatcherServlet mapped to [/]
2018-08-08 21:38:27.909  INFO 17770 --- [localhost-startStop-1] o.s.b.w.servlet.ServletRegistrationBean  : Servlet statViewServlet mapped to [/druid/*]
2018-08-08 21:38:28.043  INFO 17770 --- [restartedMain] c.a.d.s.b.a.DruidDataSourceAutoConfigure : Init DruidDataSource
2018-08-08 21:38:28.707  INFO 17770 --- [restartedMain] com.alibaba.druid.pool.DruidDataSource   : {dataSource-1} inited
2018-08-08 21:38:29.798  INFO 17770 --- [restartedMain] s.w.s.m.m.a.RequestMappingHandlerMapping : Mapped "{[/article],methods=[POST]}" onto public com.ziliang.blog.result.Result<com.ziliang.blog.result.CodeMsg> com.ziliang.blog.controller.ArticleController.addArticle(com.ziliang.blog.dto.ArticleDto)
2018-08-08 21:38:29.800  INFO 17770 --- [restartedMain] s.w.s.m.m.a.RequestMappingHandlerMapping : Mapped "{[/article/{id}],methods=[DELETE]}" onto public com.ziliang.blog.result.Result<com.ziliang.blog.result.CodeMsg> com.ziliang.blog.controller.ArticleController.deleteArticle(java.lang.Long)
2018-08-08 21:38:29.801  INFO 17770 --- [restartedMain] s.w.s.m.m.a.RequestMappingHandlerMapping : Mapped "{[/article/{id}],methods=[PUT]}" onto public com.ziliang.blog.result.Result<com.ziliang.blog.result.CodeMsg> com.ziliang.blog.controller.ArticleController.updateArticle(java.lang.Long,com.ziliang.blog.dto.ArticleDto)
2018-08-08 21:38:29.801  INFO 17770 --- [restartedMain] s.w.s.m.m.a.RequestMappingHandlerMapping : Mapped "{[/article/category/{id}],methods=[PUT]}" onto public com.ziliang.blog.result.Result<com.ziliang.blog.result.CodeMsg> com.ziliang.blog.controller.ArticleController.changeArticleCategory(java.lang.Long,java.lang.Long)
2018-08-08 21:38:29.802  INFO 17770 --- [restartedMain] s.w.s.m.m.a.RequestMappingHandlerMapping : Mapped "{[/article/picture/{id}],methods=[PUT]}" onto public com.ziliang.blog.result.Result<com.ziliang.blog.result.CodeMsg> com.ziliang.blog.controller.ArticleController.updateArticlePicture(java.lang.Long,java.lang.String)
2018-08-08 21:38:29.802  INFO 17770 --- [restartedMain] s.w.s.m.m.a.RequestMappingHandlerMapping : Mapped "{[/article/{id}],methods=[GET]}" onto public com.ziliang.blog.result.Result<com.ziliang.blog.dto.ArticleDto> com.ziliang.blog.controller.ArticleController.getArticleDtoById(java.lang.Long)
2018-08-08 21:38:29.803  INFO 17770 --- [restartedMain] s.w.s.m.m.a.RequestMappingHandlerMapping : Mapped "{[/category],methods=[POST]}" onto public com.ziliang.blog.result.Result<com.ziliang.blog.result.CodeMsg> com.ziliang.blog.controller.CategoryController.addCategoryInfo(com.ziliang.blog.entity.CategoryInfo)
2018-08-08 21:38:29.804  INFO 17770 --- [restartedMain] s.w.s.m.m.a.RequestMappingHandlerMapping : Mapped "{[/category/{id}],methods=[PUT]}" onto public com.ziliang.blog.result.Result<com.ziliang.blog.result.CodeMsg> com.ziliang.blog.controller.CategoryController.updateCategoryInfo(java.lang.Long,com.ziliang.blog.entity.CategoryInfo)
2018-08-08 21:38:29.804  INFO 17770 --- [restartedMain] s.w.s.m.m.a.RequestMappingHandlerMapping : Mapped "{[/category/{id}],methods=[DELETE]}" onto public com.ziliang.blog.result.Result<com.ziliang.blog.result.CodeMsg> com.ziliang.blog.controller.CategoryController.deleteCategoryInfo(java.lang.Long)
2018-08-08 21:38:29.805  INFO 17770 --- [restartedMain] s.w.s.m.m.a.RequestMappingHandlerMapping : Mapped "{[/category/{id}],methods=[GET]}" onto public com.ziliang.blog.result.Result<com.ziliang.blog.entity.CategoryInfo> com.ziliang.blog.controller.CategoryController.getCategoryInfo(java.lang.Long)
2018-08-08 21:38:29.806  INFO 17770 --- [restartedMain] s.w.s.m.m.a.RequestMappingHandlerMapping : Mapped "{[/comment/article/{id}],methods=[DELETE]}" onto public com.ziliang.blog.result.Result<com.ziliang.blog.result.CodeMsg> com.ziliang.blog.controller.CommentController.deleteArticleComment(java.lang.Long)
2018-08-08 21:38:29.806  INFO 17770 --- [restartedMain] s.w.s.m.m.a.RequestMappingHandlerMapping : Mapped "{[/comment/{id}],methods=[DELETE]}" onto public com.ziliang.blog.result.Result<com.ziliang.blog.result.CodeMsg> com.ziliang.blog.controller.CommentController.deleteComment(java.lang.Long)
2018-08-08 21:38:29.808  INFO 17770 --- [restartedMain] s.w.s.m.m.a.RequestMappingHandlerMapping : Mapped "{[/dataview/thismonth/syslog],methods=[GET]}" onto public com.ziliang.blog.result.Result<java.util.List<com.ziliang.blog.entity.DataView>> com.ziliang.blog.controller.DataViewController.listSysLogDataViewNowMonth()
2018-08-08 21:38:29.808  INFO 17770 --- [restartedMain] s.w.s.m.m.a.RequestMappingHandlerMapping : Mapped "{[/dataview/thismonth/sysview],methods=[GET]}" onto public com.ziliang.blog.result.Result<java.util.List<com.ziliang.blog.entity.DataView>> com.ziliang.blog.controller.DataViewController.listSysViewDataViewNowMonth()
2018-08-08 21:38:29.811  INFO 17770 --- [restartedMain] s.w.s.m.m.a.RequestMappingHandlerMapping : Mapped "{[/api/article/list],methods=[GET]}" onto public com.ziliang.blog.result.Result<java.util.List<com.ziliang.blog.dto.ArticleWithPictureDto>> com.ziliang.blog.controller.ForeController.listAllArticleInfo()
2018-08-08 21:38:29.812  INFO 17770 --- [restartedMain] s.w.s.m.m.a.RequestMappingHandlerMapping : Mapped "{[/api/article/list/category/{id}],methods=[GET]}" onto public com.ziliang.blog.result.Result<java.util.List<com.ziliang.blog.dto.ArticleWithPictureDto>> com.ziliang.blog.controller.ForeController.listArticleInfo(java.lang.Long)
2018-08-08 21:38:29.813  INFO 17770 --- [restartedMain] s.w.s.m.m.a.RequestMappingHandlerMapping : Mapped "{[/api/article/list/lastest],methods=[GET]}" onto public com.ziliang.blog.result.Result<java.util.List<com.ziliang.blog.dto.ArticleWithPictureDto>> com.ziliang.blog.controller.ForeController.listLastestArticle()
2018-08-08 21:38:29.814  INFO 17770 --- [restartedMain] s.w.s.m.m.a.RequestMappingHandlerMapping : Mapped "{[/api/article/{id}],methods=[GET]}" onto public com.ziliang.blog.result.Result<com.ziliang.blog.dto.ArticleDto> com.ziliang.blog.controller.ForeController.getArticleById(java.lang.Long)
2018-08-08 21:38:29.814  INFO 17770 --- [restartedMain] s.w.s.m.m.a.RequestMappingHandlerMapping : Mapped "{[/api/category/list],methods=[GET]}" onto public com.ziliang.blog.result.Result<java.util.List<com.ziliang.blog.entity.CategoryInfo>> com.ziliang.blog.controller.ForeController.listAllCategoryInfo()
2018-08-08 21:38:29.815  INFO 17770 --- [restartedMain] s.w.s.m.m.a.RequestMappingHandlerMapping : Mapped "{[/api/comment/list],methods=[GET]}" onto public com.ziliang.blog.result.Result<java.util.List<com.ziliang.blog.entity.Comment>> com.ziliang.blog.controller.ForeController.listAllComment()
2018-08-08 21:38:29.817  INFO 17770 --- [restartedMain] s.w.s.m.m.a.RequestMappingHandlerMapping : Mapped "{[/api/comment/article/{id}],methods=[GET]}" onto public com.ziliang.blog.result.Result<java.util.List<com.ziliang.blog.dto.ArticleCommentDto>> com.ziliang.blog.controller.ForeController.listMessageByArticleId(java.lang.Long)
2018-08-08 21:38:29.818  INFO 17770 --- [restartedMain] s.w.s.m.m.a.RequestMappingHandlerMapping : Mapped "{[/api/comment/article/{id}],methods=[POST]}" onto public com.ziliang.blog.result.Result<com.ziliang.blog.result.CodeMsg> com.ziliang.blog.controller.ForeController.addArticleComment(java.lang.Long,com.ziliang.blog.dto.ArticleCommentDto,javax.servlet.http.HttpServletRequest)
2018-08-08 21:38:29.819  INFO 17770 --- [restartedMain] s.w.s.m.m.a.RequestMappingHandlerMapping : Mapped "{[/api/comment],methods=[POST]}" onto public com.ziliang.blog.result.Result<com.ziliang.blog.result.CodeMsg> com.ziliang.blog.controller.ForeController.addMessage(com.ziliang.blog.entity.Comment,javax.servlet.http.HttpServletRequest)
2018-08-08 21:38:29.819  INFO 17770 --- [restartedMain] s.w.s.m.m.a.RequestMappingHandlerMapping : Mapped "{[/login/do_login],methods=[POST]}" onto public com.ziliang.blog.result.Result<com.ziliang.blog.result.CodeMsg> com.ziliang.blog.controller.LoginController.doLogin(javax.servlet.http.HttpServletRequest,javax.servlet.http.HttpServletResponse)
2018-08-08 21:38:29.820  INFO 17770 --- [restartedMain] s.w.s.m.m.a.RequestMappingHandlerMapping : Mapped "{[/sys/view],methods=[GET]}" onto public com.ziliang.blog.result.Result<java.util.List<com.ziliang.blog.entity.SysView>> com.ziliang.blog.controller.SysController.listAllView()
2018-08-08 21:38:29.820  INFO 17770 --- [restartedMain] s.w.s.m.m.a.RequestMappingHandlerMapping : Mapped "{[/sys/log],methods=[GET]}" onto public com.ziliang.blog.result.Result<java.util.List<com.ziliang.blog.entity.SysLog>> com.ziliang.blog.controller.SysController.listAllLog()
2018-08-08 21:38:29.825  INFO 17770 --- [restartedMain] s.w.s.m.m.a.RequestMappingHandlerMapping : Mapped "{[/swagger-resources/configuration/ui]}" onto public org.springframework.http.ResponseEntity<springfox.documentation.swagger.web.UiConfiguration> springfox.documentation.swagger.web.ApiResourceController.uiConfiguration()
2018-08-08 21:38:29.825  INFO 17770 --- [restartedMain] s.w.s.m.m.a.RequestMappingHandlerMapping : Mapped "{[/swagger-resources/configuration/security]}" onto public org.springframework.http.ResponseEntity<springfox.documentation.swagger.web.SecurityConfiguration> springfox.documentation.swagger.web.ApiResourceController.securityConfiguration()
2018-08-08 21:38:29.826  INFO 17770 --- [restartedMain] s.w.s.m.m.a.RequestMappingHandlerMapping : Mapped "{[/swagger-resources]}" onto public org.springframework.http.ResponseEntity<java.util.List<springfox.documentation.swagger.web.SwaggerResource>> springfox.documentation.swagger.web.ApiResourceController.swaggerResources()
2018-08-08 21:38:29.829  INFO 17770 --- [restartedMain] s.w.s.m.m.a.RequestMappingHandlerMapping : Mapped "{[/error],produces=[text/html]}" onto public org.springframework.web.servlet.ModelAndView org.springframework.boot.autoconfigure.web.servlet.error.BasicErrorController.errorHtml(javax.servlet.http.HttpServletRequest,javax.servlet.http.HttpServletResponse)
2018-08-08 21:38:29.830  INFO 17770 --- [restartedMain] s.w.s.m.m.a.RequestMappingHandlerMapping : Mapped "{[/error]}" onto public org.springframework.http.ResponseEntity<java.util.Map<java.lang.String, java.lang.Object>> org.springframework.boot.autoconfigure.web.servlet.error.BasicErrorController.error(javax.servlet.http.HttpServletRequest)
2018-08-08 21:38:29.996  INFO 17770 --- [restartedMain] pertySourcedRequestMappingHandlerMapping : Mapped URL path [/v2/api-docs] onto method [public org.springframework.http.ResponseEntity<springfox.documentation.spring.web.json.Json> springfox.documentation.swagger2.web.Swagger2Controller.getDocumentation(java.lang.String,javax.servlet.http.HttpServletRequest)]
2018-08-08 21:38:30.073  INFO 17770 --- [restartedMain] o.s.w.s.handler.SimpleUrlHandlerMapping  : Mapped URL path [/**/favicon.ico] onto handler of type [class org.springframework.web.servlet.resource.ResourceHttpRequestHandler]
2018-08-08 21:38:30.252  INFO 17770 --- [restartedMain] s.w.s.m.m.a.RequestMappingHandlerAdapter : Looking for @ControllerAdvice: org.springframework.boot.web.servlet.context.AnnotationConfigServletWebServerApplicationContext@5e0b6f5a: startup date [Wed Aug 08 21:38:23 CST 2018]; root of context hierarchy
2018-08-08 21:38:30.295  INFO 17770 --- [restartedMain] o.s.w.s.handler.SimpleUrlHandlerMapping  : Mapped URL path [/webjars/**] onto handler of type [class org.springframework.web.servlet.resource.ResourceHttpRequestHandler]
2018-08-08 21:38:30.296  INFO 17770 --- [restartedMain] o.s.w.s.handler.SimpleUrlHandlerMapping  : Mapped URL path [/**] onto handler of type [class org.springframework.web.servlet.resource.ResourceHttpRequestHandler]
2018-08-08 21:38:30.584  INFO 17770 --- [restartedMain] o.s.b.d.a.OptionalLiveReloadServer       : LiveReload server is running on port 35729
2018-08-08 21:38:30.625  INFO 17770 --- [restartedMain] o.s.j.e.a.AnnotationMBeanExporter        : Registering beans for JMX exposure on startup
2018-08-08 21:38:30.627  INFO 17770 --- [restartedMain] o.s.j.e.a.AnnotationMBeanExporter        : Bean with name 'statFilter' has been autodetected for JMX exposure
2018-08-08 21:38:30.627  INFO 17770 --- [restartedMain] o.s.j.e.a.AnnotationMBeanExporter        : Bean with name 'dataSource' has been autodetected for JMX exposure
2018-08-08 21:38:30.632  INFO 17770 --- [restartedMain] o.s.j.e.a.AnnotationMBeanExporter        : Located MBean 'dataSource': registering with JMX server as MBean [com.alibaba.druid.spring.boot.autoconfigure:name=dataSource,type=DruidDataSourceWrapper]
2018-08-08 21:38:30.633  INFO 17770 --- [restartedMain] o.s.j.e.a.AnnotationMBeanExporter        : Located MBean 'statFilter': registering with JMX server as MBean [com.alibaba.druid.filter.stat:name=statFilter,type=StatFilter]
2018-08-08 21:38:30.636  INFO 17770 --- [restartedMain] o.s.c.support.DefaultLifecycleProcessor  : Starting beans in phase 2147483647
2018-08-08 21:38:30.637  INFO 17770 --- [restartedMain] d.s.w.p.DocumentationPluginsBootstrapper : Context refreshed
2018-08-08 21:38:30.673  INFO 17770 --- [restartedMain] d.s.w.p.DocumentationPluginsBootstrapper : Found 1 custom documentation plugin(s)
2018-08-08 21:38:30.714  INFO 17770 --- [restartedMain] s.d.s.w.s.ApiListingReferenceScanner     : Scanning for api listing references
2018-08-08 21:38:31.070  INFO 17770 --- [restartedMain] o.s.b.w.embedded.tomcat.TomcatWebServer  : Tomcat started on port(s): 8080 (http) with context path ''
2018-08-08 21:38:31.076  INFO 17770 --- [restartedMain] com.ziliang.blog.BlogApplication         : Started BlogApplication in 11.78 seconds (JVM running for 18.837)
2018-08-08 21:43:42.369  INFO 17770 --- [http-nio-8080-exec-1] o.a.c.c.C.[Tomcat].[localhost].[/]       : Initializing Spring FrameworkServlet 'dispatcherServlet'
2018-08-08 21:43:42.370  INFO 17770 --- [http-nio-8080-exec-1] o.s.web.servlet.DispatcherServlet        : FrameworkServlet 'dispatcherServlet': initialization started
2018-08-08 21:43:42.555  INFO 17770 --- [http-nio-8080-exec-1] o.s.web.servlet.DispatcherServlet        : FrameworkServlet 'dispatcherServlet': initialization completed in 185 ms
2018-08-08 22:53:51.334  INFO 17770 --- [Thread-36] ConfigServletWebServerApplicationContext : Closing org.springframework.boot.web.servlet.context.AnnotationConfigServletWebServerApplicationContext@5e0b6f5a: startup date [Wed Aug 08 21:38:23 CST 2018]; root of context hierarchy
2018-08-08 22:53:51.394  INFO 17770 --- [Thread-36] o.s.c.support.DefaultLifecycleProcessor  : Stopping beans in phase 2147483647
2018-08-08 22:53:51.404  INFO 17770 --- [Thread-36] o.s.j.e.a.AnnotationMBeanExporter        : Unregistering JMX-exposed beans on shutdown
2018-08-08 22:53:51.405  INFO 17770 --- [Thread-36] o.s.j.e.a.AnnotationMBeanExporter        : Unregistering JMX-exposed beans
2018-08-08 22:53:51.444  INFO 17770 --- [Thread-36] com.alibaba.druid.pool.DruidDataSource   : {dataSource-1} closed
